#
# There is insufficient memory for the Java Runtime Environment to continue.
# Native memory allocation (mmap) failed to map 264241152 bytes for G1 virtual space
# Possible reasons:
#   The system is out of physical RAM or swap space
#   The process is running with CompressedOops enabled, and the Java Heap may be blocking the growth of the native heap
# Possible solutions:
#   Reduce memory load on the system
#   Increase physical memory or swap space
#   Check if swap backing store is full
#   Decrease Java heap size (-Xmx/-Xms)
#   Decrease number of Java threads
#   Decrease Java thread stack sizes (-Xss)
#   Set larger code cache with -XX:ReservedCodeCacheSize=
#   JVM is running with Zero Based Compressed Oops mode in which the Java heap is
#     placed in the first 32GB address space. The Java Heap base address is the
#     maximum limit for the native heap growth. Please use -XX:HeapBaseMinAddress
#     to set the Java Heap base and to place the Java Heap above 32GB virtual address.
# This output file may be truncated or incomplete.
#
#  Out of Memory Error (os_windows.cpp:3527), pid=18084, tid=6348
#
# JRE version:  (19.0.1+10) (build )
# Java VM: Java HotSpot(TM) 64-Bit Server VM (19.0.1+10-21, mixed mode, sharing, tiered, compressed oops, compressed class ptrs, g1 gc, windows-amd64)
# No core dump will be written. Minidumps are not enabled by default on client versions of Windows
#

---------------  S U M M A R Y ------------

Command Line: -Dfile.encoding=UTF-8 --module-path=C:\Users\Lenovo\Documents\NetBeansProjects\Hotel_Management_System\build\classes hotel_management_system.UpdateStatus

Host: Intel(R) Core(TM) i5-4300M CPU @ 2.60GHz, 4 cores, 15G,  Windows 10 , 64 bit Build 19041 (10.0.19041.2364)
Time: Tue Jan  3 23:00:57 2023 India Standard Time elapsed time: 0.012399 seconds (0d 0h 0m 0s)

---------------  T H R E A D  ---------------

Current thread (0x00000232c4427a00):  JavaThread "Unknown thread" [_thread_in_vm, id=6348, stack(0x000000b0dce00000,0x000000b0dcf00000)]

Stack: [0x000000b0dce00000,0x000000b0dcf00000]
Native frames: (J=compiled Java code, j=interpreted, Vv=VM code, C=native code)
V  [jvm.dll+0x6ee8fa]
V  [jvm.dll+0x857a1e]
V  [jvm.dll+0x85940e]
V  [jvm.dll+0x859ac3]
V  [jvm.dll+0x28291f]
V  [jvm.dll+0x6eb6e9]
V  [jvm.dll+0x6e028a]
V  [jvm.dll+0x357136]
V  [jvm.dll+0x35eb96]
V  [jvm.dll+0x3b555e]
V  [jvm.dll+0x3b578f]
V  [jvm.dll+0x32c6ea]
V  [jvm.dll+0x32d59e]
V  [jvm.dll+0x821b20]
V  [jvm.dll+0x3c27c1]
V  [jvm.dll+0x8022f1]
V  [jvm.dll+0x44b30f]
V  [jvm.dll+0x44cc91]
C  [jli.dll+0x5287]
C  [ucrtbase.dll+0x21bb2]
C  [KERNEL32.DLL+0x17614]
C  [ntdll.dll+0x526a1]


---------------  P R O C E S S  ---------------

Threads class SMR info:
_java_thread_list=0x00007ffc5b23d048, length=0, elements={
}

Java Threads: ( => current thread )

Other Threads:
  0x00000232c4496070 WorkerThread "GC Thread#0" [stack: 0x000000b0dcf00000,0x000000b0dd000000] [id=16284]
  0x00000232c44a8140 ConcurrentGCThread "G1 Main Marker" [stack: 0x000000b0dd000000,0x000000b0dd100000] [id=16268]
  0x00000232c44a9310 WorkerThread "G1 Conc#0" [stack: 0x000000b0dd100000,0x000000b0dd200000] [id=16968]

[error occurred during error reporting (printing all threads), id 0xc0000005, EXCEPTION_ACCESS_VIOLATION (0xc0000005) at pc=0x00007ffc5a9fd127]

VM state: not at safepoint (not fully initialized)

VM Mutex/Monitor currently owned by a thread:  ([mutex/lock_event])
[0x00000232c4423260] Heap_lock - owner thread: 0x00000232c4427a00

Heap address: 0x0000000704400000, size: 4028 MB, Compressed Oops mode: Zero based, Oop shift amount: 3

CDS archive(s) mapped at: [0x0000000000000000-0x0000000000000000-0x0000000000000000), size 0, SharedBaseAddress: 0x0000000800000000, ArchiveRelocationMode: 0.
Narrow klass base: 0x0000000000000000, Narrow klass shift: 0, Narrow klass range: 0x0

GC Precious Log:
 CardTable entry size: 512
 Card Set container configuration: InlinePtr #cards 4 size 8 Array Of Cards #cards 16 size 48 Howl #buckets 8 coarsen threshold 3686 Howl Bitmap #cards 512 size 80 coarsen threshold 460 Card regions per heap region 1 cards per card region 4096

Heap:
 garbage-first heap   total 0K, used 0K [0x0000000704400000, 0x0000000800000000)
  region size 2048K, 0 young (0K), 0 survivors (0K)

[error occurred during error reporting (printing heap information), id 0xc0000005, EXCEPTION_ACCESS_VIOLATION (0xc0000005) at pc=0x00007ffc5ae06959]

GC Heap History (0 events):
No events

Dll operation events (1 events):
Event: 0.007 Loaded shared library C:\Program Files\Java\jdk-19\bin\java.dll

Deoptimization events (0 events):
No events

Classes loaded (0 events):
No events

Classes unloaded (0 events):
No events

Classes redefined (0 events):
No events

Internal exceptions (0 events):
No events

VM Operations (0 events):
No events

Events (0 events):
No events


Dynamic libraries:
0x00007ff713b90000 - 0x00007ff713ba0000 	C:\Program Files\Java\jdk-19\bin\java.exe
0x00007ffcaab90000 - 0x00007ffcaad88000 	C:\WINDOWS\SYSTEM32\ntdll.dll
0x00007ffca9740000 - 0x00007ffca97ff000 	C:\WINDOWS\System32\KERNEL32.DLL
0x00007ffca8790000 - 0x00007ffca8a62000 	C:\WINDOWS\System32\KERNELBASE.dll
0x00007ffca8480000 - 0x00007ffca8580000 	C:\WINDOWS\System32\ucrtbase.dll
0x00007ffc9abb0000 - 0x00007ffc9abcb000 	C:\Program Files\Java\jdk-19\bin\VCRUNTIME140.dll
0x00007ffc89cf0000 - 0x00007ffc89d08000 	C:\Program Files\Java\jdk-19\bin\jli.dll
0x00007ffca9ed0000 - 0x00007ffca9f7e000 	C:\WINDOWS\System32\ADVAPI32.dll
0x00007ffcaa140000 - 0x00007ffcaa1de000 	C:\WINDOWS\System32\msvcrt.dll
0x00007ffca95b0000 - 0x00007ffca964c000 	C:\WINDOWS\System32\sechost.dll
0x00007ffcaa840000 - 0x00007ffcaa965000 	C:\WINDOWS\System32\RPCRT4.dll
0x00007ffca9f80000 - 0x00007ffcaa121000 	C:\WINDOWS\System32\USER32.dll
0x00007ffca8280000 - 0x00007ffca82a2000 	C:\WINDOWS\System32\win32u.dll
0x00007ffc98630000 - 0x00007ffc988ca000 	C:\WINDOWS\WinSxS\amd64_microsoft.windows.common-controls_6595b64144ccf1df_6.0.19041.1110_none_60b5254171f9507e\COMCTL32.dll
0x00007ffcaab20000 - 0x00007ffcaab4b000 	C:\WINDOWS\System32\GDI32.dll
0x00007ffca82e0000 - 0x00007ffca83ef000 	C:\WINDOWS\System32\gdi32full.dll
0x00007ffca8b30000 - 0x00007ffca8bcd000 	C:\WINDOWS\System32\msvcp_win.dll
0x00007ffca4e30000 - 0x00007ffca4e3a000 	C:\WINDOWS\SYSTEM32\VERSION.dll
0x00007ffca99f0000 - 0x00007ffca9a22000 	C:\WINDOWS\System32\IMM32.DLL
0x00007ffc9ceb0000 - 0x00007ffc9cebc000 	C:\Program Files\Java\jdk-19\bin\vcruntime140_1.dll
0x00007ffc92a30000 - 0x00007ffc92abe000 	C:\Program Files\Java\jdk-19\bin\msvcp140.dll
0x00007ffc5a6c0000 - 0x00007ffc5b380000 	C:\Program Files\Java\jdk-19\bin\server\jvm.dll
0x00007ffca17b0000 - 0x00007ffca17d7000 	C:\WINDOWS\SYSTEM32\WINMM.dll
0x00007ffc9deb0000 - 0x00007ffc9deb9000 	C:\WINDOWS\SYSTEM32\WSOCK32.dll
0x00007ffca9d90000 - 0x00007ffca9dfb000 	C:\WINDOWS\System32\WS2_32.dll
0x00007ffca6450000 - 0x00007ffca6462000 	C:\WINDOWS\SYSTEM32\kernel.appcore.dll
0x00007ffc9ca90000 - 0x00007ffc9ca9a000 	C:\Program Files\Java\jdk-19\bin\jimage.dll
0x00007ffca7e30000 - 0x00007ffca8014000 	C:\WINDOWS\SYSTEM32\DBGHELP.DLL
0x00007ffca7a50000 - 0x00007ffca7a85000 	C:\WINDOWS\SYSTEM32\dbgcore.DLL
0x00007ffca83f0000 - 0x00007ffca8472000 	C:\WINDOWS\System32\bcryptPrimitives.dll
0x00007ffc9ab80000 - 0x00007ffc9aba6000 	C:\Program Files\Java\jdk-19\bin\java.dll

dbghelp: loaded successfully - version: 4.0.5 - missing functions: none
symbol engine: initialized successfully - sym options: 0x614 - pdb path: .;C:\Program Files\Java\jdk-19\bin;C:\WINDOWS\SYSTEM32;C:\WINDOWS\WinSxS\amd64_microsoft.windows.common-controls_6595b64144ccf1df_6.0.19041.1110_none_60b5254171f9507e;C:\Program Files\Java\jdk-19\bin\server

VM Arguments:
jvm_args: -Dfile.encoding=UTF-8 --module-path=C:\Users\Lenovo\Documents\NetBeansProjects\Hotel_Management_System\build\classes 
java_command: hotel_management_system.UpdateStatus
java_class_path (initial): F:\java-pro\mysql-connector-java-8.0.28.jar;F:\java-pro\rs2xml.jar;C:\Users\Lenovo\Documents\NetBeansProjects\Hotel_Management_System\build\classes
Launcher Type: SUN_STANDARD

[Global flags]
     intx CICompilerCount                          = 3                                         {product} {ergonomic}
     uint ConcGCThreads                            = 1                                         {product} {ergonomic}
     uint G1ConcRefinementThreads                  = 4                                         {product} {ergonomic}
   size_t G1HeapRegionSize                         = 2097152                                   {product} {ergonomic}
    uintx GCDrainStackTargetSize                   = 64                                        {product} {ergonomic}
   size_t InitialHeapSize                          = 264241152                                 {product} {ergonomic}
   size_t MarkStackSize                            = 4194304                                   {product} {ergonomic}
   size_t MaxHeapSize                              = 4223664128                                {product} {ergonomic}
   size_t MinHeapDeltaBytes                        = 2097152                                   {product} {ergonomic}
   size_t MinHeapSize                              = 8388608                                   {product} {ergonomic}
    uintx NonNMethodCodeHeapSize                   = 5832780                                {pd product} {ergonomic}
    uintx NonProfiledCodeHeapSize                  = 122912730                              {pd product} {ergonomic}
    uintx ProfiledCodeHeapSize                     = 122912730                              {pd product} {ergonomic}
    uintx ReservedCodeCacheSize                    = 251658240                              {pd product} {ergonomic}
     bool SegmentedCodeCache                       = true                                      {product} {ergonomic}
   size_t SoftMaxHeapSize                          = 4223664128                             {manageable} {ergonomic}
     bool UseCompressedClassPointers               = true                           {product lp64_product} {ergonomic}
     bool UseCompressedOops                        = true                           {product lp64_product} {ergonomic}
     bool UseG1GC                                  = true                                      {product} {ergonomic}
     bool UseLargePagesIndividualAllocation        = false                                  {pd product} {ergonomic}

Logging:
Log output configuration:
 #0: stdout all=warning uptime,level,tags foldmultilines=false
 #1: stderr all=off uptime,level,tags foldmultilines=false

Environment Variables:
JAVA_HOME=C:\Program Files\Java\jdk-19
PATH=E:\oracle\product\10.2.0\db_1\bin;C:\Program Files\Common Files\Oracle\Java\javapath;C:\WINDOWS\system32;C:\WINDOWS;C:\WINDOWS\System32\Wbem;C:\WINDOWS\System32\WindowsPowerShell\v1.0\;C:\WINDOWS\System32\OpenSSH\;C:\Program Files\Microsoft VS Code\bin;C:\Program Files\Java\jdk-19\bin;C:\Program Files\MySQL\MySQL Server 8.0\bin;C:\Program Files\Git\cmd;C:\Program Files\MySQL\MySQL Shell 8.0\bin\;C:\Users\Lenovo\AppData\Local\Microsoft\WindowsApps;
USERNAME=Lenovo
OS=Windows_NT
PROCESSOR_IDENTIFIER=Intel64 Family 6 Model 60 Stepping 3, GenuineIntel
TMP=C:\Users\Lenovo\AppData\Local\Temp
TEMP=C:\Users\Lenovo\AppData\Local\Temp



---------------  S Y S T E M  ---------------

OS:
 Windows 10 , 64 bit Build 19041 (10.0.19041.2364)
OS uptime: 7 days 6:35 hours

CPU: total 4 (initial active 4) (2 cores per cpu, 2 threads per core) family 6 model 60 stepping 3 microcode 0x27, cx8, cmov, fxsr, ht, mmx, sse, sse2, sse3, ssse3, sse4.1, sse4.2, popcnt, lzcnt, tsc, tscinvbit, avx, avx2, aes, erms, clmul, bmi1, bmi2, fma, vzeroupper, clflush, rdtscp

Memory: 4k page, system-wide physical 16104M (8546M free)
TotalPageFile size 28607M (AvailPageFile size 239M)
current process WorkingSet (physical memory assigned to process): 10M, peak: 10M
current process commit charge ("private bytes"): 52M, peak: 304M

vm_info: Java HotSpot(TM) 64-Bit Server VM (19.0.1+10-21) for windows-amd64 JRE (19.0.1+10-21), built on 2022-09-14T12:45:06Z by "mach5one" with MS VC++ 17.1 (VS2022)

END.
